INFO: root: 2022-07-14 17:10:14,369: Create article request...
INFO: root: 2022-07-14 17:11:35,050: Create article request...
INFO: root: 2022-07-14 17:12:44,272: Opening file pandas and performing operations...
ERROR: root: 2022-07-14 17:12:44,273: [Errno 2] No such file or directory: 'Files/pandas.txt'
Traceback (most recent call last):
  File "C:\Users\DELL\Desktop\Python work\New folder (2)\Task_OOPS\Examples\article.py", line 39, in create_article
    f = open("Files/{}.txt".format(self._filename))
FileNotFoundError: [Errno 2] No such file or directory: 'Files/pandas.txt'
INFO: root: 2022-07-14 17:16:30,658: Create article request...
INFO: root: 2022-07-14 17:16:46,000: Opening file Files/pandas.txt and performing operations...
INFO: root: 2022-07-14 17:16:46,013: File operation successful.
INFO: root: 2022-07-14 17:21:39,133: Create article request...
INFO: root: 2022-07-14 17:21:49,242: Opening file Files/pandas.txt ...
INFO: root: 2022-07-14 17:23:12,408: Performing operations on Files/pandas.txt...
INFO: root: 2022-07-14 17:23:12,409: File operation successful.
INFO: root: 2022-07-14 21:57:14,352: Create article request...
INFO: root: 2022-07-14 21:57:25,647: Opening file Files/pandas.txt ...
ERROR: root: 2022-07-14 21:57:25,648: [Errno 17] File exists: 'Files/pandas.txt'
Traceback (most recent call last):
  File "C:\Users\DELL\Desktop\Python work\New folder (2)\Task_OOPS\Examples\article.py", line 48, in create_article
    f = open(fn, "x")
FileExistsError: [Errno 17] File exists: 'Files/pandas.txt'
INFO: root: 2022-07-14 21:58:41,065: Create article request...
INFO: root: 2022-07-14 21:58:46,759: Opening file Files/pandas.txt ...
ERROR: root: 2022-07-14 21:58:46,759: [Errno 17] File exists: 'Files/pandas.txt'
Traceback (most recent call last):
  File "C:\Users\DELL\Desktop\Python work\New folder (2)\Task_OOPS\Examples\article.py", line 48, in create_article
    f = open(fn, "x")
FileExistsError: [Errno 17] File exists: 'Files/pandas.txt'
INFO: root: 2022-07-14 21:58:50,343: Create article request...
INFO: root: 2022-07-14 21:59:02,653: Opening file Files/numpy.txt ...
INFO: root: 2022-07-14 21:59:09,927: Performing operations on Files/numpy.txt...
INFO: root: 2022-07-14 21:59:09,927: File operation successful.
INFO: root: 2022-07-14 21:59:28,504: Create article request...
INFO: root: 2022-07-14 21:59:40,960: Opening file Files/matplot.txt ...
INFO: root: 2022-07-14 21:59:56,120: Performing operations on Files/matplot.txt...
INFO: root: 2022-07-14 21:59:56,120: File operation successful.
INFO: root: 2022-07-14 22:04:37,093: Create article request...
INFO: root: 2022-07-14 22:04:46,023: Opening file Files/pandas.txt ...
INFO: root: 2022-07-14 22:04:52,800: Performing operations on Files/pandas.txt...
INFO: root: 2022-07-14 22:04:52,800: File operation successful.
INFO: root: 2022-07-14 22:22:01,240: Opening file Files/articles.txt....
INFO: root: 2022-07-14 22:22:01,240: Files/articles.txt opened successfully.
INFO: root: 2022-07-14 22:22:01,241: Pandas:pandas.txt

INFO: root: 2022-07-14 22:22:42,803: Opening file Files/articles.txt....
INFO: root: 2022-07-14 22:22:42,804: Files/articles.txt opened successfully.
INFO: root: 2022-07-14 22:22:42,804: <class 'str'>:<class 'str'>
INFO: root: 2022-07-14 22:23:29,576: Opening file Files/articles.txt....
INFO: root: 2022-07-14 22:23:29,576: Files/articles.txt opened successfully.
INFO: root: 2022-07-14 22:23:29,577: pandas:pandas.txt

ERROR: root: 2022-07-14 22:23:29,577: [Errno 22] Invalid argument: 'pandas.txt\n'
Traceback (most recent call last):
  File "C:\Users\DELL\Desktop\Python work\New folder (2)\Task_OOPS\Examples\article.py", line 81, in show_article
    f2 = open(fname, "r")
OSError: [Errno 22] Invalid argument: 'pandas.txt\n'
INFO: root: 2022-07-14 22:24:10,212: Opening file Files/articles.txt....
INFO: root: 2022-07-14 22:24:10,213: Files/articles.txt opened successfully.
INFO: root: 2022-07-14 22:24:10,213: Pandas:pandas.txt

INFO: root: 2022-07-14 22:24:58,228: Opening file Files/articles.txt....
INFO: root: 2022-07-14 22:24:58,228: Files/articles.txt opened successfully.
INFO: root: 2022-07-14 22:24:58,228: pandas:pandas.txt

ERROR: root: 2022-07-14 22:24:58,229: [Errno 22] Invalid argument: 'pandas.txt\n'
Traceback (most recent call last):
  File "C:\Users\DELL\Desktop\Python work\New folder (2)\Task_OOPS\Examples\article.py", line 81, in show_article
    f2 = open(fname, "r")
OSError: [Errno 22] Invalid argument: 'pandas.txt\n'
INFO: root: 2022-07-14 22:25:58,621: Opening file Files/articles.txt....
INFO: root: 2022-07-14 22:25:58,621: Files/articles.txt opened successfully.
INFO: root: 2022-07-14 22:25:58,622: pandas:pandas.txt
ERROR: root: 2022-07-14 22:25:58,622: [Errno 2] No such file or directory: 'pandas.txt'
Traceback (most recent call last):
  File "C:\Users\DELL\Desktop\Python work\New folder (2)\Task_OOPS\Examples\article.py", line 81, in show_article
    f2 = open(fname, "r")
FileNotFoundError: [Errno 2] No such file or directory: 'pandas.txt'
INFO: root: 2022-07-14 22:26:46,595: Opening file Files/articles.txt....
INFO: root: 2022-07-14 22:26:46,596: Files/articles.txt opened successfully.
INFO: root: 2022-07-14 22:26:46,596: pandas:Files/pandas.txt
INFO: root: 2022-07-14 22:27:56,170: Opening file Files/articles.txt....
INFO: root: 2022-07-14 22:27:56,170: Files/articles.txt opened successfully.
INFO: root: 2022-07-14 22:27:56,170: pandas:Files/pandas.txt
INFO: root: 2022-07-14 22:27:56,170: Title found.
INFO: root: 2022-07-14 22:28:41,307: Opening file Files/articles.txt....
INFO: root: 2022-07-14 22:28:41,307: Files/articles.txt opened successfully.
INFO: root: 2022-07-14 22:28:41,308: pandas:Files/pandas.txt
INFO: root: 2022-07-14 22:28:41,308: Title found.
INFO: root: 2022-07-14 22:29:04,502: Opening file Files/articles.txt....
INFO: root: 2022-07-14 22:29:04,502: Files/articles.txt opened successfully.
INFO: root: 2022-07-14 22:29:04,502: pandas:Files/pandas.txt
INFO: root: 2022-07-14 22:29:04,502: Title found.
INFO: root: 2022-07-14 22:30:36,650: 
Performing show_article function..
INFO: root: 2022-07-14 22:30:36,651: Opening file Files/articles.txt....
INFO: root: 2022-07-14 22:30:36,651: Files/articles.txt opened successfully.
INFO: root: 2022-07-14 22:30:36,651: Title found in the article list file.
INFO: root: 2022-07-14 22:32:56,838: 
Performing show_article function..
INFO: root: 2022-07-14 22:32:56,838: Opening file Files/articles.txt....
INFO: root: 2022-07-14 22:32:56,839: Files/articles.txt opened successfully.
INFO: root: 2022-07-14 22:32:56,839: Title found in the article list file.
INFO: root: 2022-07-14 22:32:56,839: Operation completed successfully!
INFO: root: 2022-07-14 22:33:06,740: 
Performing show_article function..
INFO: root: 2022-07-14 22:33:06,741: Opening file Files/articles.txt....
INFO: root: 2022-07-14 22:33:06,741: Files/articles.txt opened successfully.
INFO: root: 2022-07-14 22:33:06,741: Article with such title does not exist.
INFO: root: 2022-07-14 22:36:05,986: 
Performing create_article function...
INFO: root: 2022-07-14 22:36:19,008: Opening file Files/numpy.txt ...
INFO: root: 2022-07-14 22:36:24,623: Performing operations on Files/numpy.txt...
INFO: root: 2022-07-14 22:36:24,624: File operation successful.
INFO: root: 2022-07-14 22:36:24,624: 
Updating article list...
INFO: root: 2022-07-14 22:36:24,625: Operation successful.
INFO: root: 2022-07-14 22:36:39,260: 
Performing show_article function..
INFO: root: 2022-07-14 22:36:39,260: Opening file Files/articles.txt....
INFO: root: 2022-07-14 22:36:39,260: Files/articles.txt opened successfully.
INFO: root: 2022-07-14 22:36:39,261: Title found in the article list file.
INFO: root: 2022-07-14 22:36:39,261: Operation completed successfully!
INFO: root: 2022-07-14 22:39:32,394: 
Performing create_article function...
INFO: root: 2022-07-14 22:39:43,079: Opening file Files/math.txt ...
INFO: root: 2022-07-14 22:39:48,592: Performing operations on Files/math.txt...
INFO: root: 2022-07-14 22:39:48,592: File operation successful.
ERROR: root: 2022-07-14 22:39:48,592: article.update_articles_list() missing 1 required positional argument: 'filename'
Traceback (most recent call last):
  File "C:\Users\DELL\Desktop\Python work\New folder (2)\Task_OOPS\Examples\article.py", line 64, in create_article
    self.update_articles_list(self._title,self._filename)
TypeError: article.update_articles_list() missing 1 required positional argument: 'filename'
INFO: root: 2022-07-14 22:40:00,646: 
Performing show_article function..
INFO: root: 2022-07-14 22:40:00,646: Opening file Files/articles.txt....
INFO: root: 2022-07-14 22:40:00,647: Files/articles.txt opened successfully.
INFO: root: 2022-07-14 22:40:00,647: Article with such title does not exist.
INFO: root: 2022-07-14 22:41:20,713: 
Performing show_article function..
INFO: root: 2022-07-14 22:41:20,713: Opening file Files/articles.txt....
INFO: root: 2022-07-14 22:41:20,714: Files/articles.txt opened successfully.
INFO: root: 2022-07-14 22:41:20,714: Article with such title does not exist.
INFO: root: 2022-07-14 22:42:02,078: 
Performing create_article function...
INFO: root: 2022-07-14 22:42:07,487: Opening file Files/aa.txt ...
INFO: root: 2022-07-14 22:42:11,271: Performing operations on Files/aa.txt...
INFO: root: 2022-07-14 22:42:11,272: File operation successful.
ERROR: root: 2022-07-14 22:42:11,272: article.update_articles_list() missing 1 required positional argument: 'filename'
Traceback (most recent call last):
  File "C:\Users\DELL\Desktop\Python work\New folder (2)\Task_OOPS\Examples\article.py", line 64, in create_article
    article.update_articles_list(self._title,self._filename)
TypeError: article.update_articles_list() missing 1 required positional argument: 'filename'
INFO: root: 2022-07-14 22:44:24,664: 
Performing create_article function...
INFO: root: 2022-07-14 22:44:28,440: Opening file Files/aa.txt ...
INFO: root: 2022-07-14 22:44:30,992: Performing operations on Files/aa.txt...
INFO: root: 2022-07-14 22:44:30,992: File operation successful.
INFO: root: 2022-07-14 22:44:30,992: 
Updating article list...
INFO: root: 2022-07-14 22:44:30,993: Operation successful.
INFO: root: 2022-07-14 22:44:49,276: 
Performing show_article function..
INFO: root: 2022-07-14 22:44:49,276: Opening file Files/articles.txt....
INFO: root: 2022-07-14 22:44:49,276: Files/articles.txt opened successfully.
INFO: root: 2022-07-14 22:44:49,277: Title found in the article list file.
INFO: root: 2022-07-14 22:44:49,277: Operation completed successfully!
INFO: root: 2022-07-14 22:45:02,598: 
Performing show_article function..
INFO: root: 2022-07-14 22:45:02,598: Opening file Files/articles.txt....
INFO: root: 2022-07-14 22:45:02,599: Files/articles.txt opened successfully.
INFO: root: 2022-07-14 22:45:02,599: Article with such title does not exist.
INFO: root: 2022-07-14 22:46:19,020: 
Performing create_article function...
INFO: root: 2022-07-14 22:46:35,144: Opening file Files/pandas.txt ...
ERROR: root: 2022-07-14 22:46:35,144: [Errno 17] File exists: 'Files/pandas.txt'
Traceback (most recent call last):
  File "C:\Users\DELL\Desktop\Python work\New folder (2)\Task_OOPS\Examples\article.py", line 51, in create_article
    f = open(fn, "x")
FileExistsError: [Errno 17] File exists: 'Files/pandas.txt'
INFO: root: 2022-07-14 22:46:35,148: 
Performing create_article function...
INFO: root: 2022-07-14 22:46:59,703: Opening file Files/maths.txt ...
INFO: root: 2022-07-14 22:47:06,448: Performing operations on Files/maths.txt...
INFO: root: 2022-07-14 22:47:06,449: File operation successful.
INFO: root: 2022-07-14 22:47:06,449: 
Updating article list...
INFO: root: 2022-07-14 22:47:06,449: Operation successful.
INFO: root: 2022-07-14 22:47:06,449: 
Performing show_article function..
INFO: root: 2022-07-14 22:47:06,449: Opening file Files/articles.txt....
INFO: root: 2022-07-14 22:47:06,450: Files/articles.txt opened successfully.
INFO: root: 2022-07-14 22:49:33,384: 
Performing create_article function...
INFO: root: 2022-07-14 22:49:42,796: Opening file Files/pandas.txt ...
INFO: root: 2022-07-14 22:50:00,247: Performing operations on Files/pandas.txt...
INFO: root: 2022-07-14 22:50:00,248: File operation successful.
INFO: root: 2022-07-14 22:50:00,248: 
Updating article list...
INFO: root: 2022-07-14 22:50:00,249: Operation successful.
INFO: root: 2022-07-14 22:50:00,249: 
Performing create_article function...
INFO: root: 2022-07-14 22:50:12,391: Opening file Files/numpy.txt ...
INFO: root: 2022-07-14 22:50:28,144: Performing operations on Files/numpy.txt...
INFO: root: 2022-07-14 22:50:28,144: File operation successful.
INFO: root: 2022-07-14 22:50:28,144: 
Updating article list...
INFO: root: 2022-07-14 22:50:28,145: Operation successful.
INFO: root: 2022-07-14 22:50:28,145: 
Performing show_article function..
INFO: root: 2022-07-14 22:50:28,145: Opening file Files/articles.txt....
INFO: root: 2022-07-14 22:50:28,145: Files/articles.txt opened successfully.
INFO: root: 2022-07-14 22:51:21,017: 
Performing show_article function..
INFO: root: 2022-07-14 22:51:21,017: Opening file Files/articles.txt....
INFO: root: 2022-07-14 22:51:21,018: Files/articles.txt opened successfully.
INFO: root: 2022-07-14 22:51:21,018: Title found in the article list file.
INFO: root: 2022-07-14 22:51:21,018: Operation completed successfully!
INFO: root: 2022-07-14 22:51:21,018: 
Performing show_article function..
INFO: root: 2022-07-14 22:51:21,018: Opening file Files/articles.txt....
INFO: root: 2022-07-14 22:51:21,019: Files/articles.txt opened successfully.
INFO: root: 2022-07-14 22:51:21,019: Article with such title does not exist.
INFO: root: 2022-07-14 22:52:02,920: 
Performing show_article function..
INFO: root: 2022-07-14 22:52:02,920: Opening file Files/articles.txt....
INFO: root: 2022-07-14 22:52:02,920: Files/articles.txt opened successfully.
INFO: root: 2022-07-14 22:52:02,920: Title found in the article list file.
INFO: root: 2022-07-14 22:52:02,921: Operation completed successfully!
INFO: root: 2022-07-14 22:52:02,921: 
Performing show_article function..
INFO: root: 2022-07-14 22:52:02,921: Opening file Files/articles.txt....
INFO: root: 2022-07-14 22:52:02,921: Files/articles.txt opened successfully.
INFO: root: 2022-07-14 22:52:02,921: Article with such title does not exist.
INFO: root: 2022-07-15 16:08:17,243: 
Performing show_article function..
INFO: root: 2022-07-15 16:08:17,243: Opening file Files/articles.txt....
INFO: root: 2022-07-15 16:08:17,244: Files/articles.txt opened successfully.
INFO: root: 2022-07-15 16:08:17,244: Title found in the article list file.
INFO: root: 2022-07-15 16:08:17,245: Operation completed successfully!
INFO: root: 2022-07-15 16:08:17,245: 
Performing show_article function..
INFO: root: 2022-07-15 16:08:17,246: Opening file Files/articles.txt....
INFO: root: 2022-07-15 16:08:17,246: Files/articles.txt opened successfully.
INFO: root: 2022-07-15 16:08:17,246: Article with such title does not exist.
INFO: root: 2022-07-15 16:08:58,731: 
Performing show_article function..
INFO: root: 2022-07-15 16:08:58,732: Opening file Files/articles.txt....
INFO: root: 2022-07-15 16:08:58,732: Files/articles.txt opened successfully.
INFO: root: 2022-07-15 16:08:58,732: Title found in the article list file.
INFO: root: 2022-07-15 16:08:58,732: Operation completed successfully!
INFO: root: 2022-07-15 16:08:58,733: 
Performing show_article function..
INFO: root: 2022-07-15 16:08:58,733: Opening file Files/articles.txt....
INFO: root: 2022-07-15 16:08:58,733: Files/articles.txt opened successfully.
INFO: root: 2022-07-15 16:08:58,733: Article with such title does not exist.
INFO: root: 2022-07-15 16:09:07,306: 
Performing show_article function..
INFO: root: 2022-07-15 16:09:07,306: Opening file Files/articles.txt....
INFO: root: 2022-07-15 16:09:07,307: Files/articles.txt opened successfully.
INFO: root: 2022-07-15 16:09:07,307: Title found in the article list file.
INFO: root: 2022-07-15 16:09:07,307: Operation completed successfully!
INFO: root: 2022-07-15 16:09:07,307: 
Performing show_article function..
INFO: root: 2022-07-15 16:09:07,307: Opening file Files/articles.txt....
INFO: root: 2022-07-15 16:09:07,307: Files/articles.txt opened successfully.
INFO: root: 2022-07-15 16:09:07,308: Article with such title does not exist.
INFO: root: 2022-07-15 16:09:07,308: 
Performing create_article function...
INFO: root: 2022-07-15 16:12:07,607: Opening file Files/abcd.txt ...
INFO: root: 2022-07-15 16:12:25,462: Performing operations on Files/abcd.txt...
INFO: root: 2022-07-15 16:12:25,463: File operation successful.
INFO: root: 2022-07-15 16:12:25,463: 
Updating article list...
INFO: root: 2022-07-15 16:12:25,463: Operation successful.
INFO: root: 2022-07-15 17:56:50,752: 
Performing show_article function..
INFO: root: 2022-07-15 17:56:50,752: Opening file Files/articles.txt....
INFO: root: 2022-07-15 17:56:50,752: Files/articles.txt opened successfully.
INFO: root: 2022-07-15 17:56:50,756: Title found in the article list file.
INFO: root: 2022-07-15 17:56:50,756: Operation completed successfully!
INFO: root: 2022-07-15 17:56:50,756: 
Performing show_article function..
INFO: root: 2022-07-15 17:56:50,756: Opening file Files/articles.txt....
INFO: root: 2022-07-15 17:56:50,756: Files/articles.txt opened successfully.
INFO: root: 2022-07-15 17:56:50,756: Article with such title does not exist.
INFO: root: 2022-07-15 17:56:50,756: 
 A blog with name Data Science is created.
INFO: root: 2022-07-15 17:57:43,495: 
Performing show_article function..
INFO: root: 2022-07-15 17:57:43,495: Opening file Files/articles.txt....
INFO: root: 2022-07-15 17:57:43,495: Files/articles.txt opened successfully.
INFO: root: 2022-07-15 17:57:43,495: Title found in the article list file.
INFO: root: 2022-07-15 17:57:43,495: Operation completed successfully!
INFO: root: 2022-07-15 17:57:43,495: 
Performing show_article function..
INFO: root: 2022-07-15 17:57:43,495: Opening file Files/articles.txt....
INFO: root: 2022-07-15 17:57:43,495: Files/articles.txt opened successfully.
INFO: root: 2022-07-15 17:57:43,495: Article with such title does not exist.
INFO: root: 2022-07-15 17:57:43,495: 
EXECUTING BLOG.PY FILE.....
INFO: root: 2022-07-15 17:57:43,495: 
 A blog with name Data Science is created.
INFO: root: 2022-07-15 17:58:44,229: 
Performing show_article function..
INFO: root: 2022-07-15 17:58:44,229: Opening file Files/articles.txt....
INFO: root: 2022-07-15 17:58:44,229: Files/articles.txt opened successfully.
INFO: root: 2022-07-15 17:58:44,229: Title found in the article list file.
INFO: root: 2022-07-15 17:58:44,229: Operation completed successfully!
INFO: root: 2022-07-15 17:58:44,229: 
Performing show_article function..
INFO: root: 2022-07-15 17:58:44,229: Opening file Files/articles.txt....
INFO: root: 2022-07-15 17:58:44,229: Files/articles.txt opened successfully.
INFO: root: 2022-07-15 17:58:44,229: Article with such title does not exist.
INFO: root: 2022-07-15 17:58:44,229: 
EXECUTING BLOG.PY FILE.....
INFO: root: 2022-07-15 17:58:44,233: 
 A blog with name Data Science is created.
INFO: root: 2022-07-15 17:58:44,233: show_posts request received...
INFO: root: 2022-07-15 17:59:15,699: 
EXECUTING BLOG.PY FILE.....
INFO: root: 2022-07-15 17:59:15,699: 
 A blog with name Data Science is created.
INFO: root: 2022-07-15 17:59:15,699: show_posts request received...
INFO: root: 2022-07-15 18:00:30,844: 
EXECUTING BLOG.PY FILE.....
INFO: root: 2022-07-15 18:00:30,844: 
 A blog with name Data Science is created.
INFO: root: 2022-07-15 18:00:30,844: show_posts request received...
INFO: root: 2022-07-15 18:00:30,844: show_posts request complete.
INFO: root: 2022-07-15 18:01:10,424: 
EXECUTING BLOG.PY FILE.....
INFO: root: 2022-07-15 18:01:10,424: 
 A blog with name Data Science is created.
INFO: root: 2022-07-15 18:01:10,424: 
Create blogpost request from Data Science...
INFO: root: 2022-07-15 18:01:10,424: 
Creating new blogpost....
INFO: root: 2022-07-15 18:01:10,424: Calling create_article method from article class....
INFO: root: 2022-07-15 18:01:10,428: 
Performing create_article function...
INFO: root: 2022-07-15 18:01:20,112: Opening file Files/tttt.txt ...
INFO: root: 2022-07-15 18:01:25,521: Performing operations on Files/tttt.txt...
INFO: root: 2022-07-15 18:01:25,521: File operation successful.
INFO: root: 2022-07-15 18:01:25,521: 
Updating article list...
INFO: root: 2022-07-15 18:01:25,521: Operation successful.
INFO: root: 2022-07-15 18:01:25,521: Calling method successful.  
INFO: root: 2022-07-15 18:01:25,521: A new blogpost named Data Science is created.
INFO: root: 2022-07-15 18:01:25,521: New blogpost (tttt) created successfully. 
INFO: root: 2022-07-15 18:01:25,521: show_posts request received...
INFO: root: 2022-07-15 18:01:25,521: show_posts request complete.
INFO: root: 2022-07-15 18:03:56,450: 
EXECUTING BLOG.PY FILE.....
INFO: root: 2022-07-15 18:03:56,454: 
 A blog with name Data Science is created.
INFO: root: 2022-07-15 18:03:56,454: 
Create blogpost request from Data Science...
INFO: root: 2022-07-15 18:03:56,454: 
Creating new blogpost....
INFO: root: 2022-07-15 18:03:56,454: Calling create_article method from article class....
INFO: root: 2022-07-15 18:03:56,454: 
Performing create_article function...
INFO: root: 2022-07-15 18:04:02,995: Opening file Files/mmm.txt ...
INFO: root: 2022-07-15 18:04:08,626: Performing operations on Files/mmm.txt...
INFO: root: 2022-07-15 18:04:08,635: File operation successful.
INFO: root: 2022-07-15 18:04:08,635: 
Updating article list to the file Files/articles.txt...
INFO: root: 2022-07-15 18:04:08,635: Operation successful.
INFO: root: 2022-07-15 18:04:08,635: Calling method successful.  
INFO: root: 2022-07-15 18:04:08,635: A new blogpost named Data Science is created.
INFO: root: 2022-07-15 18:04:08,635: New blogpost (mmm) created successfully. 
INFO: root: 2022-07-15 18:04:08,635: show_posts request received...
INFO: root: 2022-07-15 18:04:08,635: show_posts request complete.
INFO: root: 2022-07-15 18:07:35,375: 
EXECUTING BLOG.PY FILE.....
INFO: root: 2022-07-15 18:07:35,375: 
 A blog with name Data Science is created.
INFO: root: 2022-07-15 18:07:35,375: 
Create blogpost request from Data Science...
INFO: root: 2022-07-15 18:07:35,375: 
Creating new blogpost....
INFO: root: 2022-07-15 18:07:35,375: Calling create_article method from article class....
INFO: root: 2022-07-15 18:07:35,375: 
Performing create_article function...
INFO: root: 2022-07-15 18:07:38,521: Opening file Files/bb.txt ...
INFO: root: 2022-07-15 18:07:42,705: Performing operations on Files/bb.txt...
INFO: root: 2022-07-15 18:07:42,705: File operation successful.
INFO: root: 2022-07-15 18:07:42,705: 
Updating article list to the file File/blogposts.txt...
ERROR: root: 2022-07-15 18:07:42,705: [Errno 2] No such file or directory: 'File/blogposts.txt'
Traceback (most recent call last):
  File "C:\Users\DELL\Desktop\Python work\New folder (2)\Task_OOPS\Examples\article.py", line 26, in update_articles_list
    f = open(self.article_list,"a")
FileNotFoundError: [Errno 2] No such file or directory: 'File/blogposts.txt'
INFO: root: 2022-07-15 18:07:42,723: Calling method successful.  
INFO: root: 2022-07-15 18:07:42,723: A new blogpost named Data Science is created.
INFO: root: 2022-07-15 18:07:42,723: New blogpost (bb) created successfully. 
INFO: root: 2022-07-15 18:07:42,723: show_posts request received...
INFO: root: 2022-07-15 18:07:42,723: show_posts request complete.
INFO: root: 2022-07-15 18:13:35,658: 
EXECUTING BLOG.PY FILE.....
INFO: root: 2022-07-15 18:13:35,659: 
 A blog with name Data Science is created.
INFO: root: 2022-07-15 18:13:35,659: 
Create blogpost request from Data Science...
INFO: root: 2022-07-15 18:13:35,659: 
Creating new blogpost....
INFO: root: 2022-07-15 18:13:35,659: Calling create_article method from article class....
INFO: root: 2022-07-15 18:13:35,659: 
Performing create_article function...
INFO: root: 2022-07-15 18:13:42,554: Opening file Files/jjjj.txt ...
INFO: root: 2022-07-15 18:13:49,026: Performing operations on Files/jjjj.txt...
INFO: root: 2022-07-15 18:13:49,026: File operation successful.
INFO: root: 2022-07-15 18:13:49,027: 
Updating article list to the file File/blogposts.txt...
ERROR: root: 2022-07-15 18:13:49,027: [Errno 2] No such file or directory: 'File/blogposts.txt'
Traceback (most recent call last):
  File "C:\Users\DELL\Desktop\Python work\New folder (2)\Task_OOPS\Examples\article.py", line 26, in update_articles_list
    f = open(self.article_list,"a")
FileNotFoundError: [Errno 2] No such file or directory: 'File/blogposts.txt'

During handling of the above exception, another exception occurred:

Traceback (most recent call last):
  File "C:\Users\DELL\Desktop\Python work\New folder (2)\Task_OOPS\Examples\article.py", line 66, in create_article
    self.update_articles_list(self._title,self._filename)
  File "C:\Users\DELL\Desktop\Python work\New folder (2)\Task_OOPS\Examples\article.py", line 31, in update_articles_list
    f = open(self.article_list, "w")
FileNotFoundError: [Errno 2] No such file or directory: 'File/blogposts.txt'
INFO: root: 2022-07-15 18:13:49,044: Calling method successful.  
INFO: root: 2022-07-15 18:13:49,044: A new blogpost named Data Science is created.
INFO: root: 2022-07-15 18:13:49,044: New blogpost (jjjj) created successfully. 
INFO: root: 2022-07-15 18:13:49,044: show_posts request received...
INFO: root: 2022-07-15 18:13:49,044: show_posts request complete.
INFO: root: 2022-07-15 18:14:42,324: 
EXECUTING BLOG.PY FILE.....
INFO: root: 2022-07-15 18:14:42,324: 
 A blog with name Data Science is created.
INFO: root: 2022-07-15 18:14:42,325: 
Create blogpost request from Data Science...
INFO: root: 2022-07-15 18:14:42,325: 
Creating new blogpost....
INFO: root: 2022-07-15 18:14:42,325: Calling create_article method from article class....
INFO: root: 2022-07-15 18:14:42,325: 
Performing create_article function...
INFO: root: 2022-07-15 18:14:47,619: Opening file Files/ooo.txt ...
INFO: root: 2022-07-15 18:14:51,498: Performing operations on Files/ooo.txt...
INFO: root: 2022-07-15 18:14:51,498: File operation successful.
INFO: root: 2022-07-15 18:14:51,498: 
Updating article list to the file File/blogposts.txt...
ERROR: root: 2022-07-15 18:14:51,499: [Errno 2] No such file or directory: 'File/blogposts.txt'
Traceback (most recent call last):
  File "C:\Users\DELL\Desktop\Python work\New folder (2)\Task_OOPS\Examples\article.py", line 26, in update_articles_list
    f = open(self.article_list,"a")
FileNotFoundError: [Errno 2] No such file or directory: 'File/blogposts.txt'

During handling of the above exception, another exception occurred:

Traceback (most recent call last):
  File "C:\Users\DELL\Desktop\Python work\New folder (2)\Task_OOPS\Examples\article.py", line 66, in create_article
    self.update_articles_list(self._title,self._filename)
  File "C:\Users\DELL\Desktop\Python work\New folder (2)\Task_OOPS\Examples\article.py", line 31, in update_articles_list
    f = open(self.article_list, "x")
FileNotFoundError: [Errno 2] No such file or directory: 'File/blogposts.txt'
INFO: root: 2022-07-15 18:14:51,503: Calling method successful.  
INFO: root: 2022-07-15 18:14:51,503: A new blogpost named Data Science is created.
INFO: root: 2022-07-15 18:14:51,503: New blogpost (ooo) created successfully. 
INFO: root: 2022-07-15 18:14:51,503: show_posts request received...
INFO: root: 2022-07-15 18:14:51,503: show_posts request complete.
INFO: root: 2022-07-15 18:15:46,276: 
EXECUTING BLOG.PY FILE.....
INFO: root: 2022-07-15 18:15:46,277: 
 A blog with name Data Science is created.
INFO: root: 2022-07-15 18:15:46,277: 
Create blogpost request from Data Science...
INFO: root: 2022-07-15 18:15:46,277: 
Creating new blogpost....
INFO: root: 2022-07-15 18:15:46,277: Calling create_article method from article class....
INFO: root: 2022-07-15 18:15:46,277: 
Performing create_article function...
INFO: root: 2022-07-15 18:15:54,810: Opening file Files/ppp.txt ...
INFO: root: 2022-07-15 18:15:59,289: Performing operations on Files/ppp.txt...
INFO: root: 2022-07-15 18:15:59,290: File operation successful.
INFO: root: 2022-07-15 18:15:59,290: 
Updating article list to the file Files/blogposts.txt...
INFO: root: 2022-07-15 18:15:59,299: Operation successful.
INFO: root: 2022-07-15 18:15:59,299: Calling method successful.  
INFO: root: 2022-07-15 18:15:59,299: A new blogpost named Data Science is created.
INFO: root: 2022-07-15 18:15:59,300: New blogpost (ppp) created successfully. 
INFO: root: 2022-07-15 18:15:59,300: show_posts request received...
INFO: root: 2022-07-15 18:15:59,300: show_posts request complete.
INFO: root: 2022-07-15 18:18:00,298: 
EXECUTING BLOG.PY FILE.....
INFO: root: 2022-07-15 18:18:00,298: 
 A blog with name Data Science is created.
INFO: root: 2022-07-15 18:18:00,298: 
Create blogpost request from Data Science...
INFO: root: 2022-07-15 18:18:00,298: 
Creating new blogpost....
INFO: root: 2022-07-15 18:18:00,298: Calling create_article method from article class....
INFO: root: 2022-07-15 18:18:00,299: 
Performing create_article function...
INFO: root: 2022-07-15 18:18:17,531: Opening file Files/mplt.txt ...
INFO: root: 2022-07-15 18:18:28,281: Performing operations on Files/mplt.txt...
INFO: root: 2022-07-15 18:18:28,282: File operation successful.
INFO: root: 2022-07-15 18:18:28,282: 
Updating article list to the file Files/blogposts.txt...
INFO: root: 2022-07-15 18:18:28,283: Operation successful.
INFO: root: 2022-07-15 18:18:28,283: Calling method successful.  
INFO: root: 2022-07-15 18:18:28,283: A new blogpost named Data Science is created.
INFO: root: 2022-07-15 18:18:28,283: New blogpost (matplotlib) created successfully. 
INFO: root: 2022-07-15 18:18:28,283: 
Create blogpost request from Data Science...
INFO: root: 2022-07-15 18:18:28,283: 
Creating new blogpost....
INFO: root: 2022-07-15 18:18:28,283: Calling create_article method from article class....
INFO: root: 2022-07-15 18:18:28,283: 
Performing create_article function...
INFO: root: 2022-07-15 18:18:48,153: Opening file Files/seab.txt ...
INFO: root: 2022-07-15 18:18:52,623: Performing operations on Files/seab.txt...
INFO: root: 2022-07-15 18:18:52,623: File operation successful.
INFO: root: 2022-07-15 18:18:52,623: 
Updating article list to the file Files/blogposts.txt...
INFO: root: 2022-07-15 18:18:52,623: Operation successful.
INFO: root: 2022-07-15 18:18:52,623: Calling method successful.  
INFO: root: 2022-07-15 18:18:52,623: A new blogpost named Data Science is created.
INFO: root: 2022-07-15 18:18:52,623: New blogpost (seaborn) created successfully. 
INFO: root: 2022-07-15 18:18:52,624: show_posts request received...
INFO: root: 2022-07-15 18:18:52,624: show_posts request complete.
INFO: root: 2022-07-15 18:22:14,883: 
EXECUTING BLOG.PY FILE.....
INFO: root: 2022-07-15 18:22:14,884: 
 A blog with name Data Science is created.
INFO: root: 2022-07-15 18:22:14,884: 
Create blogpost request from Data Science...
INFO: root: 2022-07-15 18:22:14,884: 
Creating new blogpost....
INFO: root: 2022-07-15 18:22:14,884: Calling create_article method from article class....
INFO: root: 2022-07-15 18:22:14,884: 
Performing create_article function...
INFO: root: 2022-07-15 18:26:16,046: Opening file Files/ccc.txt ...
INFO: root: 2022-07-15 18:26:19,266: Performing operations on Files/ccc.txt...
INFO: root: 2022-07-15 18:26:19,266: File operation successful.
INFO: root: 2022-07-15 18:26:19,266: 
Updating article list to the file Files/blogposts.txt...
INFO: root: 2022-07-15 18:26:19,267: Operation successful.
INFO: root: 2022-07-15 18:26:19,267: Calling method successful.  
INFO: root: 2022-07-15 18:26:19,267: A new blogpost named Data Science is created.
INFO: root: 2022-07-15 18:26:19,267: New blogpost (ccc) created successfully. 
INFO: root: 2022-07-15 18:26:19,268: 
Create blogpost request from Data Science...
INFO: root: 2022-07-15 18:26:19,268: 
Creating new blogpost....
INFO: root: 2022-07-15 18:26:19,268: Calling create_article method from article class....
INFO: root: 2022-07-15 18:26:19,268: 
Performing create_article function...
INFO: root: 2022-07-15 18:26:25,121: Opening file Files/zxc.txt ...
INFO: root: 2022-07-15 18:26:29,066: Performing operations on Files/zxc.txt...
INFO: root: 2022-07-15 18:26:29,067: File operation successful.
INFO: root: 2022-07-15 18:26:29,067: 
Updating article list to the file Files/blogposts.txt...
INFO: root: 2022-07-15 18:26:29,067: Operation successful.
INFO: root: 2022-07-15 18:26:29,068: Calling method successful.  
INFO: root: 2022-07-15 18:26:29,068: A new blogpost named Data Science is created.
INFO: root: 2022-07-15 18:26:29,068: New blogpost (xxv) created successfully. 
INFO: root: 2022-07-15 18:26:29,068: show_posts request received...
INFO: root: 2022-07-15 18:26:29,068: show_posts request complete.
INFO: root: 2022-07-15 18:29:04,657: 
EXECUTING BLOG.PY FILE.....
INFO: root: 2022-07-15 18:29:04,658: 
 A blog with name Data Science is created.
INFO: root: 2022-07-15 18:29:04,658: 
Create blogpost request from Data Science...
INFO: root: 2022-07-15 18:29:04,659: 
Creating new blogpost....
INFO: root: 2022-07-15 18:29:04,659: Calling create_article method from article class....
INFO: root: 2022-07-15 18:29:04,659: 
Performing create_article function...
INFO: root: 2022-07-15 18:29:17,301: Opening file Files/uuu.txt ...
INFO: root: 2022-07-15 18:29:22,116: Performing operations on Files/uuu.txt...
INFO: root: 2022-07-15 18:29:22,117: File operation successful.
INFO: root: 2022-07-15 18:29:22,117: 
Updating article list to the file Files/blogposts.txt...
INFO: root: 2022-07-15 18:29:22,118: Operation successful.
INFO: root: 2022-07-15 18:29:22,119: Calling method successful.  
INFO: root: 2022-07-15 18:29:22,119: A new blogpost named Data Science is created.
INFO: root: 2022-07-15 18:29:22,119: New blogpost (uuu) created successfully. 
INFO: root: 2022-07-15 18:29:22,120: 
Create blogpost request from Data Science...
INFO: root: 2022-07-15 18:29:22,120: 
Creating new blogpost....
INFO: root: 2022-07-15 18:29:22,120: Calling create_article method from article class....
INFO: root: 2022-07-15 18:29:22,120: 
Performing create_article function...
INFO: root: 2022-07-15 18:29:27,060: Opening file Files/hhh.txt ...
INFO: root: 2022-07-15 18:29:30,269: Performing operations on Files/hhh.txt...
INFO: root: 2022-07-15 18:29:30,270: File operation successful.
INFO: root: 2022-07-15 18:29:30,270: 
Updating article list to the file Files/blogposts.txt...
INFO: root: 2022-07-15 18:29:30,271: Operation successful.
INFO: root: 2022-07-15 18:29:30,272: Calling method successful.  
INFO: root: 2022-07-15 18:29:30,272: A new blogpost named Data Science is created.
INFO: root: 2022-07-15 18:29:30,272: New blogpost (hhh) created successfully. 
INFO: root: 2022-07-15 18:29:30,286: show_posts request received...
INFO: root: 2022-07-15 18:30:04,471: show_posts request complete.
INFO: root: 2022-07-15 18:30:27,153: 
EXECUTING BLOG.PY FILE.....
INFO: root: 2022-07-15 18:30:27,154: 
 A blog with name Data Science is created.
INFO: root: 2022-07-15 18:30:27,154: 
Create blogpost request from Data Science...
INFO: root: 2022-07-15 18:30:27,154: 
Creating new blogpost....
INFO: root: 2022-07-15 18:30:27,154: Calling create_article method from article class....
INFO: root: 2022-07-15 18:30:27,154: 
Performing create_article function...
INFO: root: 2022-07-15 18:30:37,692: Opening file Files/yy.txt ...
INFO: root: 2022-07-15 18:30:45,540: Performing operations on Files/yy.txt...
INFO: root: 2022-07-15 18:30:45,541: File operation successful.
INFO: root: 2022-07-15 18:30:45,541: 
Updating article list to the file Files/blogposts.txt...
INFO: root: 2022-07-15 18:30:45,542: Operation successful.
INFO: root: 2022-07-15 18:30:45,543: Calling method successful.  
INFO: root: 2022-07-15 18:30:45,543: A new blogpost named Data Science is created.
INFO: root: 2022-07-15 18:30:45,543: New blogpost (yy) created successfully. 
INFO: root: 2022-07-15 18:30:45,544: 
Create blogpost request from Data Science...
INFO: root: 2022-07-15 18:30:45,544: 
Creating new blogpost....
INFO: root: 2022-07-15 18:30:45,544: Calling create_article method from article class....
INFO: root: 2022-07-15 18:30:45,544: 
Performing create_article function...
INFO: root: 2022-07-15 18:30:49,220: Opening file Files/zz.txt ...
INFO: root: 2022-07-15 18:30:52,076: Performing operations on Files/zz.txt...
INFO: root: 2022-07-15 18:30:52,077: File operation successful.
INFO: root: 2022-07-15 18:30:52,077: 
Updating article list to the file Files/blogposts.txt...
INFO: root: 2022-07-15 18:30:52,078: Operation successful.
INFO: root: 2022-07-15 18:30:52,078: Calling method successful.  
INFO: root: 2022-07-15 18:30:52,078: A new blogpost named Data Science is created.
INFO: root: 2022-07-15 18:30:52,078: New blogpost (zz) created successfully. 
INFO: root: 2022-07-15 18:30:52,080: show_posts request received...
INFO: root: 2022-07-15 18:36:13,283: 
EXECUTING BLOG.PY FILE.....
INFO: root: 2022-07-15 18:36:13,284: 
 A blog with name Data Science is created.
INFO: root: 2022-07-15 18:36:13,284: 
Create blogpost request from Data Science...
INFO: root: 2022-07-15 18:36:13,285: 
Creating new blogpost....
INFO: root: 2022-07-15 18:36:13,285: Calling create_article method from article class....
INFO: root: 2022-07-15 18:36:13,285: 
Performing create_article function...
INFO: root: 2022-07-15 18:36:25,377: Opening file Files/dfg.txt ...
INFO: root: 2022-07-15 18:36:28,984: Performing operations on Files/dfg.txt...
INFO: root: 2022-07-15 18:36:28,985: File operation successful.
INFO: root: 2022-07-15 18:36:28,985: 
Updating article list to the file Files/blogposts.txt...
INFO: root: 2022-07-15 18:36:28,986: Operation successful.
INFO: root: 2022-07-15 18:36:28,986: Calling method successful.  
INFO: root: 2022-07-15 18:36:28,986: A new blogpost named Data Science is created.
INFO: root: 2022-07-15 18:36:28,986: New blogpost (dfg) created successfully. 
INFO: root: 2022-07-15 18:36:28,986: show_posts request received...
INFO: root: 2022-07-15 18:36:28,986: show_posts request complete.
INFO: root: 2022-07-15 18:36:28,987: 
Create blogpost request from Data Science...
INFO: root: 2022-07-15 18:36:28,987: 
Creating new blogpost....
INFO: root: 2022-07-15 18:36:28,987: Calling create_article method from article class....
INFO: root: 2022-07-15 18:36:28,987: 
Performing create_article function...
INFO: root: 2022-07-15 18:36:37,698: Opening file Files/ggg.txt ...
INFO: root: 2022-07-15 18:36:42,844: Performing operations on Files/ggg.txt...
INFO: root: 2022-07-15 18:36:42,844: File operation successful.
INFO: root: 2022-07-15 18:36:42,844: 
Updating article list to the file Files/blogposts.txt...
INFO: root: 2022-07-15 18:36:42,845: Operation successful.
INFO: root: 2022-07-15 18:36:42,845: Calling method successful.  
INFO: root: 2022-07-15 18:36:42,845: A new blogpost named Data Science is created.
INFO: root: 2022-07-15 18:36:42,845: New blogpost (ggg) created successfully. 
INFO: root: 2022-07-15 18:36:42,845: show_posts request received...
INFO: root: 2022-07-15 18:36:42,846: show_posts request complete.
INFO: root: 2022-07-15 18:37:22,652: 
EXECUTING BLOG.PY FILE.....
INFO: root: 2022-07-15 18:37:22,653: 
 A blog with name Data Science is created.
INFO: root: 2022-07-15 18:37:22,653: 
Create blogpost request from Data Science...
INFO: root: 2022-07-15 18:37:22,653: 
Creating new blogpost....
INFO: root: 2022-07-15 18:37:22,653: Calling create_article method from article class....
INFO: root: 2022-07-15 18:37:22,653: 
Performing create_article function...
INFO: root: 2022-07-15 18:37:27,811: Opening file Files/bbb.txt ...
INFO: root: 2022-07-15 18:37:30,961: Performing operations on Files/bbb.txt...
INFO: root: 2022-07-15 18:37:30,962: File operation successful.
INFO: root: 2022-07-15 18:37:30,962: 
Updating article list to the file Files/blogposts.txt...
INFO: root: 2022-07-15 18:37:30,962: Operation successful.
INFO: root: 2022-07-15 18:37:30,963: Calling method successful.  
INFO: root: 2022-07-15 18:37:30,963: A new blogpost named Data Science is created.
INFO: root: 2022-07-15 18:37:30,963: New blogpost (bbb) created successfully. 
INFO: root: 2022-07-15 18:37:30,963: show_posts request received...
INFO: root: 2022-07-15 18:37:30,963: show_posts request complete.
INFO: root: 2022-07-15 18:37:30,963: 
Create blogpost request from Data Science...
INFO: root: 2022-07-15 18:37:30,963: 
Creating new blogpost....
INFO: root: 2022-07-15 18:37:30,963: Calling create_article method from article class....
INFO: root: 2022-07-15 18:37:30,963: 
Performing create_article function...
INFO: root: 2022-07-15 18:37:39,673: Opening file Files/ccc.txt ...
INFO: root: 2022-07-15 18:37:43,505: Performing operations on Files/ccc.txt...
INFO: root: 2022-07-15 18:37:43,505: File operation successful.
INFO: root: 2022-07-15 18:37:43,506: 
Updating article list to the file Files/blogposts.txt...
INFO: root: 2022-07-15 18:37:43,506: Operation successful.
INFO: root: 2022-07-15 18:37:43,506: Calling method successful.  
INFO: root: 2022-07-15 18:37:43,506: A new blogpost named Data Science is created.
INFO: root: 2022-07-15 18:37:43,507: New blogpost (ccc) created successfully. 
INFO: root: 2022-07-15 18:37:43,507: show_posts request received...
INFO: root: 2022-07-15 18:37:43,507: show_posts request complete.
INFO: root: 2022-07-15 18:39:08,075: 
EXECUTING BLOG.PY FILE.....
INFO: root: 2022-07-15 18:39:08,075: 
 A blog with name Data Science is created.
INFO: root: 2022-07-15 18:39:08,075: 
Create blogpost request from Data Science...
INFO: root: 2022-07-15 18:39:08,075: 
Creating new blogpost....
INFO: root: 2022-07-15 18:39:08,075: Calling create_article method from article class....
INFO: root: 2022-07-15 18:39:08,075: 
Performing create_article function...
INFO: root: 2022-07-15 18:39:12,986: Opening file Files/mmm.txt ...
INFO: root: 2022-07-15 18:39:15,522: Performing operations on Files/mmm.txt...
INFO: root: 2022-07-15 18:39:15,522: File operation successful.
INFO: root: 2022-07-15 18:39:15,523: 
Updating article list to the file Files/blogposts.txt...
INFO: root: 2022-07-15 18:39:15,523: Operation successful.
INFO: root: 2022-07-15 18:39:15,523: Calling method successful.  
INFO: root: 2022-07-15 18:39:15,524: A new blogpost named Data Science is created.
INFO: root: 2022-07-15 18:39:15,524: New blogpost (mmm) created successfully. 
INFO: root: 2022-07-15 18:39:15,524: show_posts request received...
INFO: root: 2022-07-15 18:39:15,524: show_posts request complete.
INFO: root: 2022-07-15 18:39:15,524: 
Create blogpost request from Data Science...
INFO: root: 2022-07-15 18:39:15,524: 
Creating new blogpost....
INFO: root: 2022-07-15 18:39:15,524: Calling create_article method from article class....
INFO: root: 2022-07-15 18:39:15,524: 
Performing create_article function...
INFO: root: 2022-07-15 18:39:24,809: Opening file Files/nnn.txt ...
INFO: root: 2022-07-15 18:39:28,787: Performing operations on Files/nnn.txt...
INFO: root: 2022-07-15 18:39:28,787: File operation successful.
INFO: root: 2022-07-15 18:39:28,787: 
Updating article list to the file Files/blogposts.txt...
INFO: root: 2022-07-15 18:39:28,788: Operation successful.
INFO: root: 2022-07-15 18:39:28,788: Calling method successful.  
INFO: root: 2022-07-15 18:39:28,788: A new blogpost named Data Science is created.
INFO: root: 2022-07-15 18:39:28,788: New blogpost (nnn) created successfully. 
INFO: root: 2022-07-15 18:39:28,789: show_posts request received...
INFO: root: 2022-07-15 18:39:28,789: show_posts request complete.
INFO: root: 2022-07-15 18:41:12,456: 
EXECUTING BLOG.PY FILE.....
INFO: root: 2022-07-15 18:41:12,457: 
 A blog with name Data Science is created.
INFO: root: 2022-07-15 18:41:12,457: 
Create blogpost request from Data Science...
INFO: root: 2022-07-15 18:41:12,457: 
Creating new blogpost....
INFO: root: 2022-07-15 18:41:12,457: Calling create_article method from article class....
INFO: root: 2022-07-15 18:41:12,457: 
Performing create_article function...
INFO: root: 2022-07-15 18:41:18,090: Opening file Files/ttt.txt ...
INFO: root: 2022-07-15 18:41:21,779: Performing operations on Files/ttt.txt...
INFO: root: 2022-07-15 18:41:21,779: File operation successful.
INFO: root: 2022-07-15 18:41:21,780: 
Updating article list to the file Files/blogposts.txt...
INFO: root: 2022-07-15 18:41:21,780: Operation successful.
INFO: root: 2022-07-15 18:41:21,780: Calling method successful.  
INFO: root: 2022-07-15 18:41:21,781: A new blogpost named Data Science is created.
INFO: root: 2022-07-15 18:41:21,781: New blogpost (ttt) created successfully. 
INFO: root: 2022-07-15 18:41:21,781: show_posts request received...
INFO: root: 2022-07-15 18:41:21,781: show_posts request complete.
INFO: root: 2022-07-15 18:41:21,781: 
Create blogpost request from Data Science...
INFO: root: 2022-07-15 18:41:21,781: 
Creating new blogpost....
INFO: root: 2022-07-15 18:41:21,781: Calling create_article method from article class....
INFO: root: 2022-07-15 18:41:21,781: 
Performing create_article function...
INFO: root: 2022-07-15 18:41:38,474: Opening file Files/rrr.txt ...
INFO: root: 2022-07-15 18:41:49,105: Performing operations on Files/rrr.txt...
INFO: root: 2022-07-15 18:41:49,106: File operation successful.
INFO: root: 2022-07-15 18:41:49,106: 
Updating article list to the file Files/blogposts.txt...
INFO: root: 2022-07-15 18:41:49,106: Operation successful.
INFO: root: 2022-07-15 18:41:49,107: Calling method successful.  
INFO: root: 2022-07-15 18:41:49,107: A new blogpost named Data Science is created.
INFO: root: 2022-07-15 18:41:49,107: New blogpost (rrr) created successfully. 
INFO: root: 2022-07-15 18:41:49,107: show_posts request received...
INFO: root: 2022-07-15 18:41:49,107: show_posts request complete.
INFO: root: 2022-07-15 18:45:42,392: 
EXECUTING BLOG.PY FILE.....
INFO: root: 2022-07-15 18:45:42,392: 
 A blog with name Data Science is created.
INFO: root: 2022-07-15 18:45:42,392: 
Create blogpost request from Data Science...
INFO: root: 2022-07-15 18:45:42,392: 
Creating new blogpost....
INFO: root: 2022-07-15 18:45:42,392: Calling create_article method from article class....
INFO: root: 2022-07-15 18:45:42,392: 
Performing create_article function...
INFO: root: 2022-07-15 18:45:47,897: Opening file Files/ggg.txt ...
INFO: root: 2022-07-15 18:45:55,449: Performing operations on Files/ggg.txt...
INFO: root: 2022-07-15 18:45:55,449: File operation successful.
INFO: root: 2022-07-15 18:45:55,450: 
Updating article list to the file Files/blogposts.txt...
INFO: root: 2022-07-15 18:45:55,451: Operation successful.
INFO: root: 2022-07-15 18:45:55,451: Calling method successful.  
INFO: root: 2022-07-15 18:45:55,451: A new blogpost named Data Science is created.
INFO: root: 2022-07-15 18:45:55,451: New blogpost (ggg) created successfully. 
INFO: root: 2022-07-15 18:45:55,451: 
Create blogpost request from Data Science...
INFO: root: 2022-07-15 18:45:55,451: 
Creating new blogpost....
INFO: root: 2022-07-15 18:45:55,451: Calling create_article method from article class....
INFO: root: 2022-07-15 18:45:55,451: 
Performing create_article function...
INFO: root: 2022-07-15 18:45:59,714: Opening file Files/fff.txt ...
INFO: root: 2022-07-15 18:46:03,010: Performing operations on Files/fff.txt...
INFO: root: 2022-07-15 18:46:03,010: File operation successful.
INFO: root: 2022-07-15 18:46:03,010: 
Updating article list to the file Files/blogposts.txt...
INFO: root: 2022-07-15 18:46:03,011: Operation successful.
INFO: root: 2022-07-15 18:46:03,011: Calling method successful.  
INFO: root: 2022-07-15 18:46:03,011: A new blogpost named Data Science is created.
INFO: root: 2022-07-15 18:46:03,012: New blogpost (fff) created successfully. 
INFO: root: 2022-07-15 18:46:03,012: show_posts request received...
INFO: root: 2022-07-15 18:46:03,012: show_posts request complete.
INFO: root: 2022-07-15 18:46:33,053: 
EXECUTING BLOG.PY FILE.....
INFO: root: 2022-07-15 18:46:33,053: 
 A blog with name Data Science is created.
INFO: root: 2022-07-15 18:46:33,054: 
Create blogpost request from Data Science...
INFO: root: 2022-07-15 18:46:33,054: 
Creating new blogpost....
INFO: root: 2022-07-15 18:46:33,054: Calling create_article method from article class....
INFO: root: 2022-07-15 18:46:33,054: 
Performing create_article function...
INFO: root: 2022-07-15 18:46:38,026: Opening file Files/ee.txt ...
INFO: root: 2022-07-15 18:46:40,113: Performing operations on Files/ee.txt...
INFO: root: 2022-07-15 18:46:40,113: File operation successful.
INFO: root: 2022-07-15 18:46:40,114: 
Updating article list to the file Files/blogposts.txt...
INFO: root: 2022-07-15 18:46:40,115: Operation successful.
INFO: root: 2022-07-15 18:46:40,115: Calling method successful.  
INFO: root: 2022-07-15 18:46:40,115: A new blogpost named Data Science is created.
INFO: root: 2022-07-15 18:46:40,116: New blogpost (eee) created successfully. 
INFO: root: 2022-07-15 18:46:40,116: 
Create blogpost request from Data Science...
INFO: root: 2022-07-15 18:46:40,116: 
Creating new blogpost....
INFO: root: 2022-07-15 18:46:40,116: Calling create_article method from article class....
INFO: root: 2022-07-15 18:46:40,116: 
Performing create_article function...
INFO: root: 2022-07-15 18:46:43,594: Opening file Files/aa.txt ...
INFO: root: 2022-07-15 18:46:46,065: Performing operations on Files/aa.txt...
INFO: root: 2022-07-15 18:46:46,065: File operation successful.
INFO: root: 2022-07-15 18:46:46,065: 
Updating article list to the file Files/blogposts.txt...
INFO: root: 2022-07-15 18:46:46,066: Operation successful.
INFO: root: 2022-07-15 18:46:46,066: Calling method successful.  
INFO: root: 2022-07-15 18:46:46,066: A new blogpost named Data Science is created.
INFO: root: 2022-07-15 18:46:46,066: New blogpost (aaa) created successfully. 
INFO: root: 2022-07-15 18:46:46,066: show_posts request received...
INFO: root: 2022-07-15 18:46:46,067: show_posts request complete.
INFO: root: 2022-07-15 18:49:55,670: 
EXECUTING BLOG.PY FILE.....
INFO: root: 2022-07-15 18:49:55,670: 
 A blog with name Data Science is created.
INFO: root: 2022-07-15 18:49:55,671: 
Create blogpost request from Data Science...
INFO: root: 2022-07-15 18:49:55,671: 
Creating new blogpost....
INFO: root: 2022-07-15 18:49:55,671: Calling create_article method from article class....
INFO: root: 2022-07-15 18:49:55,671: 
Performing create_article function...
INFO: root: 2022-07-15 18:49:59,490: Opening file Files/yy.txt ...
INFO: root: 2022-07-15 18:50:08,074: Performing operations on Files/yy.txt...
INFO: root: 2022-07-15 18:50:08,074: File operation successful.
INFO: root: 2022-07-15 18:50:08,074: 
Updating article list to the file Files/blogposts.txt...
INFO: root: 2022-07-15 18:50:08,075: Operation successful.
INFO: root: 2022-07-15 18:50:08,075: Calling method successful.  
INFO: root: 2022-07-15 18:50:08,075: A new blogpost named Data Science is created.
INFO: root: 2022-07-15 18:50:08,076: New blogpost (yy) created successfully. 
INFO: root: 2022-07-15 18:50:08,076: 
Create blogpost request from Data Science...
INFO: root: 2022-07-15 18:50:08,076: 
Creating new blogpost....
INFO: root: 2022-07-15 18:50:08,076: Calling create_article method from article class....
INFO: root: 2022-07-15 18:50:08,076: 
Performing create_article function...
INFO: root: 2022-07-15 18:50:12,994: Opening file Files/bb.txt ...
INFO: root: 2022-07-15 18:50:17,873: Performing operations on Files/bb.txt...
INFO: root: 2022-07-15 18:50:17,874: File operation successful.
INFO: root: 2022-07-15 18:50:17,874: 
Updating article list to the file Files/blogposts.txt...
INFO: root: 2022-07-15 18:50:17,875: Operation successful.
INFO: root: 2022-07-15 18:50:17,875: Calling method successful.  
INFO: root: 2022-07-15 18:50:17,875: A new blogpost named Data Science is created.
INFO: root: 2022-07-15 18:50:17,875: New blogpost (bb) created successfully. 
INFO: root: 2022-07-15 18:50:17,875: show_posts request received...
INFO: root: 2022-07-15 18:50:17,875: show_posts request complete.
INFO: root: 2022-07-15 18:52:13,459: 
EXECUTING BLOG.PY FILE.....
INFO: root: 2022-07-15 18:52:13,459: 
 A blog with name Data Science is created.
INFO: root: 2022-07-15 18:52:13,459: 
Create blogpost request from Data Science...
INFO: root: 2022-07-15 18:52:13,459: 
Creating new blogpost....
INFO: root: 2022-07-15 18:52:13,460: Calling create_article method from article class....
INFO: root: 2022-07-15 18:52:13,460: 
Performing create_article function...
INFO: root: 2022-07-15 18:52:18,193: Opening file Files/a.txt ...
INFO: root: 2022-07-15 18:52:27,353: Performing operations on Files/a.txt...
INFO: root: 2022-07-15 18:52:27,353: File operation successful.
INFO: root: 2022-07-15 18:52:27,354: 
Updating article list to the file Files/blogposts.txt...
INFO: root: 2022-07-15 18:52:27,354: Operation successful.
INFO: root: 2022-07-15 18:52:27,355: Calling method successful.  
INFO: root: 2022-07-15 18:52:27,355: A new blogpost named Data Science is created.
INFO: root: 2022-07-15 18:52:27,355: New blogpost (aaaa) created successfully. 
INFO: root: 2022-07-15 18:52:27,355: 
Create blogpost request from Data Science...
INFO: root: 2022-07-15 18:52:27,355: 
Creating new blogpost....
INFO: root: 2022-07-15 18:52:27,355: Calling create_article method from article class....
INFO: root: 2022-07-15 18:52:27,355: 
Performing create_article function...
INFO: root: 2022-07-15 18:52:31,809: Opening file Files/bb.txt ...
INFO: root: 2022-07-15 18:52:34,401: Performing operations on Files/bb.txt...
INFO: root: 2022-07-15 18:52:34,401: File operation successful.
INFO: root: 2022-07-15 18:52:34,401: 
Updating article list to the file Files/blogposts.txt...
INFO: root: 2022-07-15 18:52:34,402: Operation successful.
INFO: root: 2022-07-15 18:52:34,402: Calling method successful.  
INFO: root: 2022-07-15 18:52:34,402: A new blogpost named Data Science is created.
INFO: root: 2022-07-15 18:52:34,402: New blogpost (bbb) created successfully. 
INFO: root: 2022-07-15 18:52:34,402: 
Create blogpost request from Data Science...
INFO: root: 2022-07-15 18:52:34,402: 
Creating new blogpost....
INFO: root: 2022-07-15 18:52:34,403: Calling create_article method from article class....
INFO: root: 2022-07-15 18:52:34,403: 
Performing create_article function...
INFO: root: 2022-07-15 18:52:37,961: Opening file Files/vv.txt ...
INFO: root: 2022-07-15 18:52:40,705: Performing operations on Files/vv.txt...
INFO: root: 2022-07-15 18:52:40,705: File operation successful.
INFO: root: 2022-07-15 18:52:40,706: 
Updating article list to the file Files/blogposts.txt...
INFO: root: 2022-07-15 18:52:40,706: Operation successful.
INFO: root: 2022-07-15 18:52:40,707: Calling method successful.  
INFO: root: 2022-07-15 18:52:40,707: A new blogpost named Data Science is created.
INFO: root: 2022-07-15 18:52:40,707: New blogpost (vv) created successfully. 
INFO: root: 2022-07-15 18:52:40,707: show_posts request received...
INFO: root: 2022-07-15 18:52:40,707: show_posts request complete.
INFO: root: 2022-07-15 18:54:11,874: 
EXECUTING BLOG.PY FILE.....
INFO: root: 2022-07-15 18:54:11,874: 
 A blog with name Data Science is created.
INFO: root: 2022-07-15 18:54:11,875: 
Create blogpost request from Data Science...
INFO: root: 2022-07-15 18:54:11,875: 
Creating new blogpost....
INFO: root: 2022-07-15 18:54:11,875: Calling create_article method from article class....
INFO: root: 2022-07-15 18:54:11,875: 
Performing create_article function...
INFO: root: 2022-07-15 18:54:16,057: Opening file Files/dd.txt ...
INFO: root: 2022-07-15 18:54:21,329: Performing operations on Files/dd.txt...
INFO: root: 2022-07-15 18:54:21,329: File operation successful.
INFO: root: 2022-07-15 18:54:21,330: 
Updating article list to the file Files/blogposts.txt...
INFO: root: 2022-07-15 18:54:21,330: Operation successful.
INFO: root: 2022-07-15 18:54:21,330: Calling method successful.  
INFO: root: 2022-07-15 18:54:21,330: A new blogpost named Data Science is created.
INFO: root: 2022-07-15 18:54:21,330: New blogpost (dd) created successfully. 
INFO: root: 2022-07-15 18:54:21,331: 
Create blogpost request from Data Science...
INFO: root: 2022-07-15 18:54:21,331: 
Creating new blogpost....
INFO: root: 2022-07-15 18:54:21,331: Calling create_article method from article class....
INFO: root: 2022-07-15 18:54:21,331: 
Performing create_article function...
INFO: root: 2022-07-15 18:54:24,217: Opening file Files/jj.txt ...
INFO: root: 2022-07-15 18:54:26,797: Performing operations on Files/jj.txt...
INFO: root: 2022-07-15 18:54:26,797: File operation successful.
INFO: root: 2022-07-15 18:54:26,798: 
Updating article list to the file Files/blogposts.txt...
INFO: root: 2022-07-15 18:54:26,798: Operation successful.
INFO: root: 2022-07-15 18:54:26,799: Calling method successful.  
INFO: root: 2022-07-15 18:54:26,799: A new blogpost named Data Science is created.
INFO: root: 2022-07-15 18:54:26,799: New blogpost (jj) created successfully. 
INFO: root: 2022-07-15 18:55:12,486: 
EXECUTING BLOG.PY FILE.....
INFO: root: 2022-07-15 18:55:12,486: 
 A blog with name Data Science is created.
INFO: root: 2022-07-15 18:55:12,486: 
Create blogpost request from Data Science...
INFO: root: 2022-07-15 18:55:12,487: 
Creating new blogpost....
INFO: root: 2022-07-15 18:55:12,487: Calling create_article method from article class....
INFO: root: 2022-07-15 18:55:12,487: 
Performing create_article function...
INFO: root: 2022-07-15 18:55:16,649: Opening file Files/ll.txt ...
INFO: root: 2022-07-15 18:55:19,681: Performing operations on Files/ll.txt...
INFO: root: 2022-07-15 18:55:19,682: File operation successful.
INFO: root: 2022-07-15 18:55:19,682: 
Updating article list to the file Files/blogposts.txt...
INFO: root: 2022-07-15 18:55:19,683: Operation successful.
INFO: root: 2022-07-15 18:55:19,683: Calling method successful.  
INFO: root: 2022-07-15 18:55:19,683: A new blogpost named Data Science is created.
INFO: root: 2022-07-15 18:55:19,683: New blogpost (lll) created successfully. 
INFO: root: 2022-07-15 18:55:19,683: 
Create blogpost request from Data Science...
INFO: root: 2022-07-15 18:55:19,683: 
Creating new blogpost....
INFO: root: 2022-07-15 18:55:19,683: Calling create_article method from article class....
INFO: root: 2022-07-15 18:55:19,683: 
Performing create_article function...
INFO: root: 2022-07-15 18:55:28,081: Opening file Files/mm.txt ...
INFO: root: 2022-07-15 18:55:30,491: Performing operations on Files/mm.txt...
INFO: root: 2022-07-15 18:55:30,491: File operation successful.
INFO: root: 2022-07-15 18:55:30,491: 
Updating article list to the file Files/blogposts.txt...
INFO: root: 2022-07-15 18:55:30,492: Operation successful.
INFO: root: 2022-07-15 18:55:30,492: Calling method successful.  
INFO: root: 2022-07-15 18:55:30,492: A new blogpost named Data Science is created.
INFO: root: 2022-07-15 18:55:30,492: New blogpost (mmm) created successfully. 
INFO: root: 2022-07-15 18:57:40,152: 
EXECUTING BLOG.PY FILE.....
INFO: root: 2022-07-15 18:57:40,152: 
 A blog with name Data Science is created.
INFO: root: 2022-07-15 18:57:40,152: 
Create blogpost request from Data Science...
INFO: root: 2022-07-15 18:57:40,152: 
Creating new blogpost....
INFO: root: 2022-07-15 18:57:40,152: Calling create_article method from article class....
INFO: root: 2022-07-15 18:57:40,152: 
Performing create_article function...
INFO: root: 2022-07-15 18:57:44,905: Opening file Files/var.txt ...
INFO: root: 2022-07-15 18:57:48,073: Performing operations on Files/var.txt...
INFO: root: 2022-07-15 18:57:48,074: File operation successful.
INFO: root: 2022-07-15 18:57:48,074: 
Updating article list to the file Files/blogposts.txt...
INFO: root: 2022-07-15 18:57:48,074: Operation successful.
INFO: root: 2022-07-15 18:57:48,074: Calling method successful.  
INFO: root: 2022-07-15 18:57:48,074: A new blogpost named Data Science is created.
INFO: root: 2022-07-15 18:57:48,075: New blogpost (var) created successfully. 
INFO: root: 2022-07-15 18:57:48,075: 
Create blogpost request from Data Science...
INFO: root: 2022-07-15 18:57:48,075: 
Creating new blogpost....
INFO: root: 2022-07-15 18:57:48,075: Calling create_article method from article class....
INFO: root: 2022-07-15 18:57:48,075: 
Performing create_article function...
INFO: root: 2022-07-15 19:00:32,865: Opening file Files/gh.txt ...
INFO: root: 2022-07-15 19:00:35,919: Performing operations on Files/gh.txt...
INFO: root: 2022-07-15 19:00:35,920: File operation successful.
INFO: root: 2022-07-15 19:00:35,920: 
Updating article list to the file Files/blogposts.txt...
INFO: root: 2022-07-15 19:00:35,920: Operation successful.
INFO: root: 2022-07-15 19:00:35,920: Calling method successful.  
INFO: root: 2022-07-15 19:00:35,921: A new blogpost named Data Science is created.
INFO: root: 2022-07-15 19:00:35,921: New blogpost (hjgj) created successfully. 
INFO: root: 2022-07-15 19:02:05,065: 
EXECUTING BLOG.PY FILE.....
INFO: root: 2022-07-15 19:02:05,065: 
 A blog with name Data Science is created.
INFO: root: 2022-07-15 19:02:05,065: 
Create blogpost request from Data Science...
INFO: root: 2022-07-15 19:02:05,065: 
Creating new blogpost....
INFO: root: 2022-07-15 19:02:05,065: Calling create_article method from article class....
INFO: root: 2022-07-15 19:02:05,065: 
Performing create_article function...
INFO: root: 2022-07-15 19:02:23,746: Opening file Files/ty.txt ...
INFO: root: 2022-07-15 19:02:27,481: Performing operations on Files/ty.txt...
INFO: root: 2022-07-15 19:02:27,481: File operation successful.
INFO: root: 2022-07-15 19:02:27,481: 
Updating article list to the file Files/blogposts.txt...
INFO: root: 2022-07-15 19:02:27,482: Operation successful.
INFO: root: 2022-07-15 19:02:27,482: Calling method successful.  
INFO: root: 2022-07-15 19:02:27,482: A new blogpost named Data Science is created.
INFO: root: 2022-07-15 19:02:27,482: New blogpost (ty) created successfully. 
INFO: root: 2022-07-15 19:02:27,482: 
Create blogpost request from Data Science...
INFO: root: 2022-07-15 19:02:27,482: 
Creating new blogpost....
INFO: root: 2022-07-15 19:02:27,482: Calling create_article method from article class....
INFO: root: 2022-07-15 19:02:27,482: 
Performing create_article function...
INFO: root: 2022-07-15 19:03:03,496: Opening file Files/op.txt ...
INFO: root: 2022-07-15 19:03:06,160: Performing operations on Files/op.txt...
INFO: root: 2022-07-15 19:03:06,160: File operation successful.
INFO: root: 2022-07-15 19:03:06,160: 
Updating article list to the file Files/blogposts.txt...
INFO: root: 2022-07-15 19:03:06,161: Operation successful.
INFO: root: 2022-07-15 19:03:06,161: Calling method successful.  
INFO: root: 2022-07-15 19:03:06,161: A new blogpost named Data Science is created.
INFO: root: 2022-07-15 19:03:06,161: New blogpost (op) created successfully. 
INFO: root: 2022-07-15 19:13:39,447: 
EXECUTING BLOG.PY FILE.....
INFO: root: 2022-07-15 19:13:39,447: 
 A blog with name Data Science is created.
INFO: root: 2022-07-15 19:13:39,447: 
Create blogpost request from Data Science...
INFO: root: 2022-07-15 19:13:39,447: 
Creating new blogpost....
INFO: root: 2022-07-15 19:13:39,447: Calling create_article method from article class....
INFO: root: 2022-07-15 19:13:39,447: 
Performing create_article function...
INFO: root: 2022-07-15 19:41:56,542: 
EXECUTING BLOG.PY FILE.....
INFO: root: 2022-07-15 19:41:56,542: 
 A blog with name Data Science is created.
INFO: root: 2022-07-15 19:41:56,542: 
Performing show_article function..
INFO: root: 2022-07-15 19:41:56,542: Opening file Files/articles.txt....
INFO: root: 2022-07-15 19:41:56,542: Files/articles.txt opened successfully.
INFO: root: 2022-07-15 19:41:56,543: Title found in the article list file.
INFO: root: 2022-07-15 19:41:56,543: Operation completed successfully!
INFO: root: 2022-07-15 19:42:54,921: 
EXECUTING BLOG.PY FILE.....
INFO: root: 2022-07-15 19:42:54,921: 
 A blog with name Data Science is created.
INFO: root: 2022-07-15 19:42:54,921: 
Performing show_article function..
INFO: root: 2022-07-15 19:42:54,921: Opening file Files/articles.txt....
INFO: root: 2022-07-15 19:42:54,921: Files/articles.txt opened successfully.
INFO: root: 2022-07-15 19:42:54,922: Title found in the article list file.
INFO: root: 2022-07-15 19:42:54,922: Operation completed successfully!
INFO: root: 2022-07-15 19:43:04,738: 
EXECUTING BLOG.PY FILE.....
INFO: root: 2022-07-15 19:43:04,738: 
 A blog with name Data Science is created.
INFO: root: 2022-07-15 19:43:04,738: 
Performing show_article function..
INFO: root: 2022-07-15 19:43:04,738: Opening file Files/articles.txt....
INFO: root: 2022-07-15 19:43:04,738: Files/articles.txt opened successfully.
INFO: root: 2022-07-15 19:43:04,738: Title found in the article list file.
INFO: root: 2022-07-15 19:43:04,738: Operation completed successfully!
INFO: root: 2022-07-15 19:43:19,754: 
EXECUTING BLOG.PY FILE.....
INFO: root: 2022-07-15 19:43:19,754: 
 A blog with name Data Science is created.
INFO: root: 2022-07-15 19:43:19,754: 
Performing show_article function..
INFO: root: 2022-07-15 19:43:19,754: Opening file Files/articles.txt....
INFO: root: 2022-07-15 19:43:19,754: Files/articles.txt opened successfully.
INFO: root: 2022-07-15 19:43:19,755: Article with such title does not exist.
INFO: root: 2022-07-15 19:44:28,637: 
EXECUTING BLOG.PY FILE.....
INFO: root: 2022-07-15 19:44:28,637: 
 A blog with name Data Science is created.
INFO: root: 2022-07-15 19:44:28,637: 
Create blogpost request from Data Science...
INFO: root: 2022-07-15 19:44:28,637: 
Creating new blogpost....
INFO: root: 2022-07-15 19:44:28,637: Calling create_article method from article class....
INFO: root: 2022-07-15 19:44:28,637: 
Performing create_article function...
INFO: root: 2022-07-15 19:44:38,864: Opening file Files/seaborn.txt ...
INFO: root: 2022-07-15 19:45:11,280: Performing operations on Files/seaborn.txt...
INFO: root: 2022-07-15 19:45:11,280: File operation successful.
INFO: root: 2022-07-15 19:45:11,280: 
Updating article list to the file Files/blogposts.txt...
INFO: root: 2022-07-15 19:45:11,281: Operation successful.
INFO: root: 2022-07-15 19:45:11,281: Calling method successful.  
INFO: root: 2022-07-15 19:45:11,281: A new blogpost named Data Science is created.
INFO: root: 2022-07-15 19:45:11,281: New blogpost (Seaborn) created successfully. 
INFO: root: 2022-07-15 19:45:33,607: 
EXECUTING BLOG.PY FILE.....
INFO: root: 2022-07-15 19:45:33,608: 
 A blog with name Data Science is created.
INFO: root: 2022-07-15 19:45:33,608: 
Create blogpost request from Data Science...
INFO: root: 2022-07-15 19:45:33,608: 
Creating new blogpost....
INFO: root: 2022-07-15 19:45:33,608: Calling create_article method from article class....
INFO: root: 2022-07-15 19:45:33,608: 
Performing create_article function...
INFO: root: 2022-07-15 19:45:40,576: Opening file Files/seaborn.txt ...
INFO: root: 2022-07-15 19:45:56,328: Performing operations on Files/seaborn.txt...
INFO: root: 2022-07-15 19:45:56,328: File operation successful.
INFO: root: 2022-07-15 19:45:56,328: 
Updating article list to the file Files/blogposts.txt...
INFO: root: 2022-07-15 19:45:56,329: Operation successful.
INFO: root: 2022-07-15 19:45:56,329: Calling method successful.  
INFO: root: 2022-07-15 19:45:56,329: A new blogpost named Data Science is created.
INFO: root: 2022-07-15 19:45:56,329: New blogpost (Seaborn) created successfully. 
INFO: root: 2022-07-15 19:45:56,329: 
Create blogpost request from Data Science...
INFO: root: 2022-07-15 19:45:56,329: 
Creating new blogpost....
INFO: root: 2022-07-15 19:45:56,329: Calling create_article method from article class....
INFO: root: 2022-07-15 19:45:56,329: 
Performing create_article function...
INFO: root: 2022-07-15 19:46:08,976: Opening file Files/maths.txt ...
INFO: root: 2022-07-15 19:46:24,472: Performing operations on Files/maths.txt...
INFO: root: 2022-07-15 19:46:24,472: File operation successful.
INFO: root: 2022-07-15 19:46:24,472: 
Updating article list to the file Files/blogposts.txt...
INFO: root: 2022-07-15 19:46:24,473: Operation successful.
INFO: root: 2022-07-15 19:46:24,473: Calling method successful.  
INFO: root: 2022-07-15 19:46:24,473: A new blogpost named Data Science is created.
INFO: root: 2022-07-15 19:46:24,473: New blogpost (maths) created successfully. 
INFO: root: 2022-07-15 19:46:24,473: 
Performing show_article function..
INFO: root: 2022-07-15 19:46:24,473: Opening file Files/articles.txt....
INFO: root: 2022-07-15 19:46:24,474: Files/articles.txt opened successfully.
INFO: root: 2022-07-15 19:46:24,474: Title found in the article list file.
INFO: root: 2022-07-15 19:46:24,474: Operation completed successfully!
INFO: root: 2022-07-15 19:46:24,474: 
Performing show_article function..
INFO: root: 2022-07-15 19:46:24,474: Opening file Files/articles.txt....
INFO: root: 2022-07-15 19:46:24,474: Files/articles.txt opened successfully.
INFO: root: 2022-07-15 19:46:24,474: Article with such title does not exist.
INFO: root: 2022-07-15 20:19:54,992: Job object created.
INFO: root: 2022-07-15 21:56:03,507: Job object created.
INFO: root: 2022-07-15 21:56:03,508: Promotion request...
INFO: root: 2022-07-15 21:56:03,508: Current salary for my Data Engineer job is 0.
INFO: root: 2022-07-15 21:56:03,508: Salary changed to 200000.
INFO: root: 2022-07-15 21:56:03,508: Promotion approved. Data scientist : Rs. 0
INFO: root: 2022-07-15 21:57:30,942: Job object created.
INFO: root: 2022-07-15 21:57:30,942: Promotion request...
INFO: root: 2022-07-15 21:57:30,942: Current salary for my Data Engineer job is 0.
INFO: root: 2022-07-15 21:57:30,942: Salary changed to 200000.
INFO: root: 2022-07-15 21:57:30,942: Promotion approved. Data scientist : Rs. 0
INFO: root: 2022-07-15 21:58:03,037: Job object created.
INFO: root: 2022-07-15 21:58:03,037: Promotion request...
INFO: root: 2022-07-15 21:58:03,037: Current salary for my Data Engineer job is 100000.
INFO: root: 2022-07-15 21:58:03,037: Salary changed to 200000.
INFO: root: 2022-07-15 21:58:03,037: Promotion approved. Data scientist : Rs. 100000
INFO: root: 2022-07-15 21:58:33,170: Job object created.
INFO: root: 2022-07-15 21:58:33,170: Promotion request...
INFO: root: 2022-07-15 21:58:33,170: Current salary for my Data Engineer job is 100000.
INFO: root: 2022-07-15 21:58:42,155: Job object created.
INFO: root: 2022-07-15 21:58:42,155: Promotion request...
INFO: root: 2022-07-15 21:58:42,155: Current salary for my Data Engineer job is 100000.
INFO: root: 2022-07-15 21:58:42,155: Salary changed to 200000.
INFO: root: 2022-07-15 21:58:42,156: Promotion approved. Data scientist : Rs. 200000
INFO: root: 2022-07-15 21:58:58,170: Job object created.
INFO: root: 2022-07-15 21:58:58,170: Promotion request...
INFO: root: 2022-07-15 21:58:58,170: Current salary for my Data Engineer job is 100000.
INFO: root: 2022-07-15 21:58:58,170: Salary changed to 200000.
INFO: root: 2022-07-15 21:58:58,170: Promotion approved. Data scientist : Rs. 200000
INFO: root: 2022-07-15 22:01:23,423: Job object created.
INFO: root: 2022-07-15 22:01:23,423: Promotion request...
INFO: root: 2022-07-15 22:01:23,423: Current salary for my Data Engineer job is 100000.
INFO: root: 2022-07-15 22:01:23,423: Salary changed to 200000.
INFO: root: 2022-07-15 22:01:23,423: Promotion approved. Data scientist : Rs. 200000
INFO: root: 2022-07-15 22:01:23,423: Job object created.
INFO: root: 2022-07-15 22:01:23,423: Intership object created.
INFO: root: 2022-07-15 22:02:44,709: Job object created.
INFO: root: 2022-07-15 22:02:44,709: Intership object created.
INFO: root: 2022-07-15 22:03:51,011: Job object created.
INFO: root: 2022-07-15 22:03:51,011: Intership object created.
INFO: root: 2022-07-15 22:03:51,011: Internship is complete.
INFO: root: 2022-07-15 22:03:51,011: Intership is being promoted to a job...
INFO: root: 2022-07-15 22:03:51,011: Job object created.
INFO: root: 2022-07-15 22:03:51,011: New job object created from internship object.
INFO: root: 2022-07-15 22:03:51,011: Current internship object deleted.
INFO: root: 2022-07-15 22:04:45,413: Job object created.
INFO: root: 2022-07-15 22:04:45,413: Intership object created.
INFO: root: 2022-07-15 22:04:45,413: Internship is complete.
INFO: root: 2022-07-15 22:05:09,629: Job object created.
INFO: root: 2022-07-15 22:05:09,629: Intership object created.
INFO: root: 2022-07-15 22:05:09,629: Internship is complete.
INFO: root: 2022-07-15 22:05:09,629: Intership is being promoted to a job...
INFO: root: 2022-07-15 22:05:09,629: Job object created.
INFO: root: 2022-07-15 22:05:09,630: New job object created from internship object.
INFO: root: 2022-07-15 22:05:09,630: Current internship object deleted.
INFO: root: 2022-07-15 22:05:28,565: Job object created.
INFO: root: 2022-07-15 22:05:28,565: Intership object created.
INFO: root: 2022-07-15 22:05:28,565: Internship is complete.
INFO: root: 2022-07-15 22:05:28,565: Intership is being promoted to a job...
INFO: root: 2022-07-15 22:05:28,565: Job object created.
INFO: root: 2022-07-15 22:05:28,565: New job object created from internship object.
INFO: root: 2022-07-15 22:05:28,565: Current internship object deleted.
INFO: root: 2022-07-15 22:05:57,687: Job object created.
INFO: root: 2022-07-15 22:05:57,687: Intership object created.
INFO: root: 2022-07-15 22:05:57,687: Internship is complete.
INFO: root: 2022-07-15 22:05:57,687: Intership is being promoted to a job...
INFO: root: 2022-07-15 22:05:57,687: Job object created.
INFO: root: 2022-07-15 22:05:57,687: New job object created from internship object.
INFO: root: 2022-07-15 22:05:57,687: Current internship object deleted.
INFO: root: 2022-07-15 22:10:50,691: Job object created.
INFO: root: 2022-07-15 22:10:50,691: Intership object created.
INFO: root: 2022-07-15 22:10:50,691: Internship is complete.
INFO: root: 2022-07-15 22:10:50,691: Intership is being promoted to a job...
INFO: root: 2022-07-15 22:10:50,691: Job object created.
INFO: root: 2022-07-15 22:10:50,691: New job object created from internship object.
INFO: root: 2022-07-15 22:10:50,691: Current internship object deleted.
INFO: root: 2022-07-15 22:10:54,940: Job object created.
INFO: root: 2022-07-15 22:10:54,940: Intership object created.
INFO: root: 2022-07-15 22:10:54,940: Internship is complete.
INFO: root: 2022-07-15 23:28:26,746: Upskilling..
INFO: root: 2022-07-15 23:28:26,746: new skill learned.
INFO: root: 2022-07-15 23:29:55,635: Upskilling..
INFO: root: 2022-07-15 23:29:55,635: new skill learned.
INFO: root: 2022-07-15 23:29:55,636: Interview scheduled.
INFO: root: 2022-07-15 23:29:55,636: Offerring the job..
INFO: root: 2022-07-15 23:29:55,636: Job object created.
INFO: root: 2022-07-15 23:36:57,123: Upskilling..
INFO: root: 2022-07-15 23:36:57,124: new skill learned.
INFO: root: 2022-07-15 23:36:57,124: Interview scheduled.
INFO: root: 2022-07-15 23:36:57,124: Offerring the job..
INFO: root: 2022-07-15 23:36:57,124: Job object created.
INFO: root: 2022-07-15 23:43:36,142: Upskilling..
INFO: root: 2022-07-15 23:43:36,142: new skill learned.
INFO: root: 2022-07-15 23:43:36,142: Interview scheduled.
INFO: root: 2022-07-15 23:43:36,143: Offerring the job..
INFO: root: 2022-07-15 23:43:36,143: Job object created.
INFO: root: 2022-07-15 23:44:35,382: Upskilling..
INFO: root: 2022-07-15 23:44:35,382: new skill learned.
INFO: root: 2022-07-15 23:44:35,382: Interview scheduled.
INFO: root: 2022-07-15 23:44:35,383: Offerring the job..
INFO: root: 2022-07-15 23:44:35,383: Job object created.
INFO: root: 2022-07-15 23:45:22,716: Upskilling..
INFO: root: 2022-07-15 23:45:22,717: new skill learned.
INFO: root: 2022-07-15 23:45:22,717: Interview scheduled.
INFO: root: 2022-07-15 23:45:22,717: Offerring the job..
INFO: root: 2022-07-15 23:45:22,717: Job object created.
INFO: root: 2022-07-15 23:45:26,903: Upskilling..
INFO: root: 2022-07-15 23:45:26,904: new skill learned.
INFO: root: 2022-07-15 23:45:26,904: Interview scheduled.
INFO: root: 2022-07-15 23:45:26,904: Offerring the job..
INFO: root: 2022-07-15 23:45:26,904: Job object created.
INFO: root: 2022-07-15 23:45:29,958: Upskilling..
INFO: root: 2022-07-15 23:45:29,958: new skill learned.
INFO: root: 2022-07-15 23:45:29,958: Interview scheduled.
INFO: root: 2022-07-15 23:45:29,958: Offerring the job..
INFO: root: 2022-07-15 23:45:29,958: Job object created.
INFO: root: 2022-07-15 23:45:32,432: Upskilling..
INFO: root: 2022-07-15 23:45:32,432: new skill learned.
INFO: root: 2022-07-15 23:45:32,432: Interview scheduled.
INFO: root: 2022-07-15 23:45:32,432: Offerring the job..
INFO: root: 2022-07-15 23:45:32,432: Job object created.
INFO: root: 2022-07-15 23:46:01,740: Upskilling..
INFO: root: 2022-07-15 23:46:01,740: new skill learned.
INFO: root: 2022-07-15 23:46:01,740: Interview scheduled.
INFO: root: 2022-07-15 23:46:01,740: Offerring the job..
INFO: root: 2022-07-15 23:46:01,740: Job object created.
INFO: root: 2022-07-15 23:47:41,103: Upskilling..
INFO: root: 2022-07-15 23:47:41,103: new skill learned.
INFO: root: 2022-07-15 23:47:41,103: Interview scheduled.
INFO: root: 2022-07-15 23:47:41,103: Offerring the job..
INFO: root: 2022-07-15 23:47:41,103: Job object created.
INFO: root: 2022-07-15 23:49:12,801: Upskilling..
INFO: root: 2022-07-15 23:49:12,801: new skill learned.
INFO: root: 2022-07-15 23:49:12,801: Interview scheduled.
INFO: root: 2022-07-15 23:49:12,801: Appearing for the interview round 1...
INFO: root: 2022-07-15 23:49:38,666: Upskilling..
INFO: root: 2022-07-15 23:49:38,666: new skill learned.
INFO: root: 2022-07-15 23:49:38,667: Interview scheduled.
INFO: root: 2022-07-15 23:49:38,667: Appearing for the interview round 1...
INFO: root: 2022-07-15 23:49:38,667: Appearing for the interview round 2...
INFO: root: 2022-07-15 23:51:54,447: Upskilling..
INFO: root: 2022-07-15 23:51:54,447: new skill learned.
INFO: root: 2022-07-15 23:51:54,447: Interview scheduled.
INFO: root: 2022-07-15 23:51:54,447: Appearing for the interview round...
INFO: root: 2022-07-15 23:51:54,447: Appearing for the interview round...
INFO: root: 2022-07-15 23:52:22,839: Upskilling..
INFO: root: 2022-07-15 23:52:22,839: new skill learned.
INFO: root: 2022-07-15 23:52:22,839: Interview scheduled.
INFO: root: 2022-07-15 23:52:22,840: Appearing for the interview round...
INFO: root: 2022-07-15 23:52:22,840: Appearing for the interview round...
INFO: root: 2022-07-15 23:52:26,188: Upskilling..
INFO: root: 2022-07-15 23:52:26,188: new skill learned.
INFO: root: 2022-07-15 23:52:26,188: Interview scheduled.
INFO: root: 2022-07-15 23:52:26,188: Appearing for the interview round...
INFO: root: 2022-07-15 23:52:26,188: Appearing for the interview round...
INFO: root: 2022-07-15 23:52:26,188: Appearing for the interview round...
INFO: root: 2022-07-15 23:56:47,253: Upskilling..
INFO: root: 2022-07-15 23:56:47,254: new skill learned.
INFO: root: 2022-07-15 23:56:47,254: Interview scheduled.
INFO: root: 2022-07-15 23:56:47,254: Appearing for the interview round...
INFO: root: 2022-07-15 23:56:47,254: Appearing for the interview round...
INFO: root: 2022-07-15 23:56:54,393: Upskilling..
INFO: root: 2022-07-15 23:56:54,393: new skill learned.
INFO: root: 2022-07-15 23:56:54,393: Interview scheduled.
INFO: root: 2022-07-15 23:56:54,393: Appearing for the interview round...
INFO: root: 2022-07-15 23:56:54,393: Appearing for the interview round...
INFO: root: 2022-07-15 23:56:54,393: Offerring the job..
INFO: root: 2022-07-15 23:56:54,393: Job object created.
INFO: root: 2022-07-15 23:57:34,180: Upskilling..
INFO: root: 2022-07-15 23:57:34,180: new skill learned.
INFO: root: 2022-07-15 23:57:34,180: Interview scheduled.
INFO: root: 2022-07-15 23:57:34,180: Appearing for the interview round...
INFO: root: 2022-07-15 23:57:34,180: Appearing for the interview round...
INFO: root: 2022-07-15 23:57:34,181: Appearing for the interview round...
INFO: root: 2022-07-15 23:57:56,661: Upskilling..
INFO: root: 2022-07-15 23:57:56,662: new skill learned.
INFO: root: 2022-07-15 23:57:56,662: Interview scheduled.
INFO: root: 2022-07-15 23:57:56,662: Appearing for the interview round...
INFO: root: 2022-07-15 23:57:56,662: Appearing for the interview round...
INFO: root: 2022-07-15 23:57:56,662: Appearing for the interview round...
INFO: root: 2022-07-15 23:57:56,662: Offerring the job..
INFO: root: 2022-07-15 23:57:56,662: Job object created.
INFO: root: 2022-07-15 23:58:19,683: Upskilling..
INFO: root: 2022-07-15 23:58:19,684: new skill learned.
INFO: root: 2022-07-15 23:58:19,684: Interview scheduled.
INFO: root: 2022-07-15 23:58:19,684: Appearing for the interview round...
INFO: root: 2022-07-15 23:58:28,268: Upskilling..
INFO: root: 2022-07-15 23:58:28,268: new skill learned.
INFO: root: 2022-07-15 23:58:28,268: Interview scheduled.
INFO: root: 2022-07-15 23:58:28,269: Appearing for the interview round...
INFO: root: 2022-07-15 23:58:31,101: Upskilling..
INFO: root: 2022-07-15 23:58:31,101: new skill learned.
INFO: root: 2022-07-15 23:58:31,101: Interview scheduled.
INFO: root: 2022-07-15 23:58:31,101: Appearing for the interview round...
INFO: root: 2022-07-15 23:58:33,422: Upskilling..
INFO: root: 2022-07-15 23:58:33,422: new skill learned.
INFO: root: 2022-07-15 23:58:33,422: Interview scheduled.
INFO: root: 2022-07-15 23:58:33,422: Appearing for the interview round...
INFO: root: 2022-07-15 23:58:33,422: Appearing for the interview round...
INFO: root: 2022-07-15 23:58:37,280: Upskilling..
INFO: root: 2022-07-15 23:58:37,281: new skill learned.
INFO: root: 2022-07-15 23:58:37,281: Interview scheduled.
INFO: root: 2022-07-15 23:58:37,281: Appearing for the interview round...
INFO: root: 2022-07-15 23:58:40,397: Upskilling..
INFO: root: 2022-07-15 23:58:40,397: new skill learned.
INFO: root: 2022-07-15 23:58:40,397: Interview scheduled.
INFO: root: 2022-07-15 23:58:40,397: Appearing for the interview round...
INFO: root: 2022-07-15 23:58:40,397: Appearing for the interview round...
INFO: root: 2022-07-15 23:59:10,097: Upskilling..
INFO: root: 2022-07-15 23:59:10,097: new skill learned.
INFO: root: 2022-07-15 23:59:10,097: Interview scheduled.
INFO: root: 2022-07-15 23:59:10,097: Appearing for the interview round...
INFO: root: 2022-07-15 23:59:10,097: Appearing for the interview round...
INFO: root: 2022-07-15 23:59:10,097: Appearing for the interview round...
INFO: root: 2022-07-15 23:59:10,097: Offerring the job..
INFO: root: 2022-07-15 23:59:10,097: Job object created.
INFO: root: 2022-07-15 23:59:26,879: Upskilling..
INFO: root: 2022-07-15 23:59:26,880: new skill learned.
INFO: root: 2022-07-15 23:59:26,880: Interview scheduled.
INFO: root: 2022-07-15 23:59:26,880: Appearing for the interview round...
INFO: root: 2022-07-15 23:59:29,144: Upskilling..
INFO: root: 2022-07-15 23:59:29,145: new skill learned.
INFO: root: 2022-07-15 23:59:29,145: Interview scheduled.
INFO: root: 2022-07-15 23:59:29,145: Appearing for the interview round...
INFO: root: 2022-07-15 23:59:29,145: Appearing for the interview round...
INFO: root: 2022-07-15 23:59:29,145: Appearing for the interview round...
INFO: root: 2022-07-15 23:59:29,145: Offerring the job..
INFO: root: 2022-07-15 23:59:29,145: Job object created.
INFO: root: 2022-07-16 14:00:00,887: Interview scheduled.
INFO: root: 2022-07-16 14:00:00,887: Appearing for the interview round...
INFO: root: 2022-07-16 14:00:00,887: Appearing for the interview round...
INFO: root: 2022-07-16 14:00:13,378: Interview scheduled.
INFO: root: 2022-07-16 14:00:13,378: Appearing for the interview round...
INFO: root: 2022-07-16 14:00:13,378: Appearing for the interview round...
INFO: root: 2022-07-16 14:00:13,378: Appearing for the interview round...
INFO: root: 2022-07-16 14:18:57,625: non fresher object created.
INFO: root: 2022-07-16 14:19:02,111: non fresher object created.
INFO: root: 2022-07-16 14:19:07,090: non fresher object created.
INFO: root: 2022-07-16 14:21:14,223: non fresher object created.
INFO: root: 2022-07-16 14:21:17,030: non fresher object created.
INFO: root: 2022-07-16 14:21:19,118: non fresher object created.
INFO: root: 2022-07-16 14:21:21,780: non fresher object created.
INFO: root: 2022-07-16 14:21:43,400: non fresher object created.
INFO: root: 2022-07-16 14:21:45,594: non fresher object created.
INFO: root: 2022-07-16 14:21:47,430: non fresher object created.
INFO: root: 2022-07-16 14:21:49,496: non fresher object created.
INFO: root: 2022-07-16 14:21:51,455: non fresher object created.
